#
# There is insufficient memory for the Java Runtime Environment to continue.
# Native memory allocation (malloc) failed to allocate 32744 bytes for ChunkPool::allocate
# Possible reasons:
#   The system is out of physical RAM or swap space
#   In 32 bit mode, the process size limit was hit
# Possible solutions:
#   Reduce memory load on the system
#   Increase physical memory or swap space
#   Check if swap backing store is full
#   Use 64 bit Java on a 64 bit OS
#   Decrease Java heap size (-Xmx/-Xms)
#   Decrease number of Java threads
#   Decrease Java thread stack sizes (-Xss)
#   Set larger code cache with -XX:ReservedCodeCacheSize=
# This output file may be truncated or incomplete.
#
#  Out of Memory Error (allocation.cpp:273), pid=9256, tid=0x0000000000002d90
#
# JRE version: Java(TM) SE Runtime Environment (8.0_144-b01) (build 1.8.0_144-b01)
# Java VM: Java HotSpot(TM) 64-Bit Server VM (25.144-b01 mixed mode windows-amd64 compressed oops)
# Failed to write core dump. Minidumps are not enabled by default on client versions of Windows
#

---------------  T H R E A D  ---------------

Current thread (0x0000000017d94000):  JavaThread "C2 CompilerThread1" daemon [_thread_in_native, id=11664, stack(0x0000000018560000,0x0000000018660000)]

Stack: [0x0000000018560000,0x0000000018660000]
[error occurred during error reporting (printing stack bounds), id 0xc0000005]

Native frames: (J=compiled Java code, j=interpreted, Vv=VM code, C=native code)


Current CompileTask:
C2: 403970 14353       4       org.gradle.internal.snapshot.impl.DirectorySnapshotter$1::visitFile (10 bytes)


---------------  P R O C E S S  ---------------

Java Threads: ( => current thread )
  0x000000001f753800 JavaThread "stdout" [_thread_in_native, id=5244, stack(0x000000002b4a0000,0x000000002b5a0000)]
  0x000000001f752000 JavaThread "stderr" [_thread_in_native, id=5604, stack(0x000000002b3a0000,0x000000002b4a0000)]
  0x000000001f752800 JavaThread "stdout" [_thread_in_native, id=10600, stack(0x000000002b2a0000,0x000000002b3a0000)]
  0x000000001f750800 JavaThread "stderr" [_thread_in_native, id=8120, stack(0x000000002b1a0000,0x000000002b2a0000)]
  0x000000001f74f800 JavaThread "stdout" [_thread_in_native, id=4412, stack(0x000000002b0a0000,0x000000002b1a0000)]
  0x000000001ce9c800 JavaThread "stderr" [_thread_in_native, id=10616, stack(0x000000002afa0000,0x000000002b0a0000)]
  0x000000001b9b2800 JavaThread "stdout" [_thread_in_native, id=19364, stack(0x000000002aea0000,0x000000002afa0000)]
  0x000000001b9b1800 JavaThread "stderr" [_thread_in_native, id=19472, stack(0x000000002ada0000,0x000000002aea0000)]
  0x000000001b9b1000 JavaThread "stdout" [_thread_in_native, id=3596, stack(0x000000002aca0000,0x000000002ada0000)]
  0x000000001b9a9800 JavaThread "stderr" [_thread_in_native, id=14132, stack(0x000000002aba0000,0x000000002aca0000)]
  0x000000001b9b0000 JavaThread "stdout" [_thread_in_native, id=16304, stack(0x000000002aaa0000,0x000000002aba0000)]
  0x000000001b9af800 JavaThread "stdout" [_thread_in_native, id=14456, stack(0x000000002a9a0000,0x000000002aaa0000)]
  0x000000001b9ae800 JavaThread "stderr" [_thread_in_native, id=14060, stack(0x000000002a8a0000,0x000000002a9a0000)]
  0x000000001b9ae000 JavaThread "stderr" [_thread_in_native, id=10136, stack(0x000000002a7a0000,0x000000002a8a0000)]
  0x000000001b9ad000 JavaThread "stdout" [_thread_in_native, id=16848, stack(0x000000002a6a0000,0x000000002a7a0000)]
  0x000000001b9a5800 JavaThread "stderr" [_thread_in_native, id=15432, stack(0x000000002a5a0000,0x000000002a6a0000)]
  0x000000001b9ac800 JavaThread "pool-5-thread-1" [_thread_blocked, id=18820, stack(0x000000002a4a0000,0x000000002a5a0000)]
  0x000000001b9ab000 JavaThread "Java2D Disposer" daemon [_thread_blocked, id=15032, stack(0x000000002a3a0000,0x000000002a4a0000)]
  0x000000001b9ab800 JavaThread "WorkerExecutor Queue Thread 8" [_thread_blocked, id=17156, stack(0x000000002a2a0000,0x000000002a3a0000)]
  0x000000001b9a8000 JavaThread "WorkerExecutor Queue Thread 7" [_thread_blocked, id=18628, stack(0x000000002a1a0000,0x000000002a2a0000)]
  0x000000001b9a4000 JavaThread "WorkerExecutor Queue Thread 6" [_thread_blocked, id=17876, stack(0x000000002a0a0000,0x000000002a1a0000)]
  0x000000001b9a3000 JavaThread "WorkerExecutor Queue Thread 5" [_thread_blocked, id=16104, stack(0x0000000029fa0000,0x000000002a0a0000)]
  0x000000001b9a4800 JavaThread "WorkerExecutor Queue Thread 4" [_thread_blocked, id=3756, stack(0x0000000029ea0000,0x0000000029fa0000)]
  0x000000001b9a7000 JavaThread "WorkerExecutor Queue Thread 3" [_thread_blocked, id=19860, stack(0x0000000029da0000,0x0000000029ea0000)]
  0x000000001b9aa000 JavaThread "WorkerExecutor Queue Thread 2" [_thread_blocked, id=17004, stack(0x0000000029ca0000,0x0000000029da0000)]
  0x000000001f670800 JavaThread "WorkerExecutor Queue" [_thread_blocked, id=11084, stack(0x0000000029ba0000,0x0000000029ca0000)]
  0x000000001f66f000 JavaThread "Cache worker for execution history cache (C:\Users\User\Desktop\Lab2\.gradle\5.4.1\executionHistory)" [_thread_blocked, id=9752, stack(0x0000000029aa0000,0x0000000029ba0000)]
  0x000000001f66e800 JavaThread "Execution worker for ':' Thread 7" [_thread_in_native, id=4564, stack(0x00000000299a0000,0x0000000029aa0000)]
  0x000000001f673000 JavaThread "Execution worker for ':' Thread 6" [_thread_blocked, id=13712, stack(0x00000000298a0000,0x00000000299a0000)]
  0x000000001f66d800 JavaThread "Execution worker for ':' Thread 5" [_thread_blocked, id=13396, stack(0x00000000297a0000,0x00000000298a0000)]
  0x000000001f671800 JavaThread "Execution worker for ':' Thread 4" [_thread_blocked, id=9480, stack(0x00000000296a0000,0x00000000297a0000)]
  0x000000001f66d000 JavaThread "Execution worker for ':' Thread 3" [_thread_blocked, id=1792, stack(0x00000000295a0000,0x00000000296a0000)]
  0x000000001f674000 JavaThread "Execution worker for ':' Thread 2" [_thread_blocked, id=18368, stack(0x00000000294a0000,0x00000000295a0000)]
  0x000000001f670000 JavaThread "Execution worker for ':'" [_thread_blocked, id=18968, stack(0x00000000293a0000,0x00000000294a0000)]
  0x0000000019d23000 JavaThread "Cache worker for file content cache (C:\Users\User\Desktop\Lab2\.gradle\5.4.1\fileContent)" [_thread_blocked, id=7792, stack(0x00000000292a0000,0x00000000293a0000)]
  0x0000000019d22800 JavaThread "Cache worker for file content cache (C:\Users\User\.gradle\caches\5.4.1\fileContent)" [_thread_blocked, id=19668, stack(0x00000000291a0000,0x00000000292a0000)]
  0x0000000019d20000 JavaThread "Cache worker for Build Output Cleanup Cache (C:\Users\User\Desktop\Lab2\.gradle\buildOutputCleanup)" [_thread_blocked, id=4240, stack(0x00000000290a0000,0x00000000291a0000)]
  0x0000000019d24000 JavaThread "pool-4-thread-1" [_thread_blocked, id=3060, stack(0x0000000028fa0000,0x00000000290a0000)]
  0x000000001cea5800 JavaThread "Build operations Thread 8" [_thread_blocked, id=3508, stack(0x0000000028ea0000,0x0000000028fa0000)]
  0x000000001cea5000 JavaThread "Build operations Thread 7" [_thread_blocked, id=5508, stack(0x0000000028da0000,0x0000000028ea0000)]
  0x000000001cea4000 JavaThread "Build operations Thread 6" [_thread_blocked, id=15120, stack(0x0000000028ca0000,0x0000000028da0000)]
  0x000000001cea2800 JavaThread "Build operations Thread 5" [_thread_blocked, id=12576, stack(0x0000000028ba0000,0x0000000028ca0000)]
  0x000000001cea6800 JavaThread "Build operations Thread 4" [_thread_blocked, id=19236, stack(0x0000000028aa0000,0x0000000028ba0000)]
  0x000000001cea3800 JavaThread "Build operations Thread 3" [_thread_blocked, id=2012, stack(0x00000000289a0000,0x0000000028aa0000)]
  0x000000001cea1000 JavaThread "Build operations Thread 2" [_thread_blocked, id=5000, stack(0x00000000288a0000,0x00000000289a0000)]
  0x000000001ce9b000 JavaThread "Build operations" [_thread_blocked, id=12216, stack(0x00000000287a0000,0x00000000288a0000)]
  0x000000001cea0800 JavaThread "Cache worker for cache directory md-rule (C:\Users\User\.gradle\caches\5.4.1\md-rule)" [_thread_blocked, id=1604, stack(0x00000000286a0000,0x00000000287a0000)]
  0x000000001ce9f800 JavaThread "Cache worker for cache directory md-supplier (C:\Users\User\.gradle\caches\5.4.1\md-supplier)" [_thread_blocked, id=10208, stack(0x00000000285a0000,0x00000000286a0000)]
  0x000000001ce9f000 JavaThread "Cache worker for file hash cache (C:\Users\User\Desktop\Lab2\.gradle\5.4.1\fileHashes)" [_thread_blocked, id=16356, stack(0x00000000284a0000,0x00000000285a0000)]
  0x000000001ce9e000 JavaThread "Thread-91" [_thread_blocked, id=5128, stack(0x00000000283a0000,0x00000000284a0000)]
  0x000000001ce9c000 JavaThread "Stdin handler" [_thread_blocked, id=20368, stack(0x00000000282a0000,0x00000000283a0000)]
  0x000000001ce99800 JavaThread "Asynchronous log dispatcher for DefaultDaemonConnection: socket connection from /127.0.0.1:3390 to /127.0.0.1:3644" [_thread_blocked, id=16632, stack(0x00000000281a0000,0x00000000282a0000)]
  0x000000001ce9d800 JavaThread "Daemon worker Thread 3" [_thread_blocked, id=1608, stack(0x00000000280a0000,0x00000000281a0000)]
  0x000000001ce97800 JavaThread "Cancel handler" [_thread_blocked, id=7172, stack(0x0000000027fa0000,0x00000000280a0000)]
  0x000000001ce99000 JavaThread "Handler for socket connection from /127.0.0.1:3390 to /127.0.0.1:3644" [_thread_in_native, id=16584, stack(0x0000000027ea0000,0x0000000027fa0000)]
  0x000000001ce9a800 JavaThread "Daemon Thread 3" [_thread_blocked, id=12124, stack(0x0000000027da0000,0x0000000027ea0000)]
  0x000000001ce98000 JavaThread "Memory manager" [_thread_blocked, id=7860, stack(0x0000000025ea0000,0x0000000025fa0000)]
  0x0000000019d1f800 JavaThread "Cache worker for execution history cache (C:\Users\User\.gradle\caches\5.4.1\executionHistory)" [_thread_blocked, id=3396, stack(0x00000000213a0000,0x00000000214a0000)]
  0x0000000019d26000 JavaThread "Cache worker for journal cache (C:\Users\User\.gradle\caches\journal-1)" [_thread_blocked, id=11464, stack(0x000000001b5e0000,0x000000001b6e0000)]
  0x0000000019d21000 JavaThread "File lock request listener" [_thread_in_native, id=13664, stack(0x000000001b2e0000,0x000000001b3e0000)]
  0x0000000019d25800 JavaThread "Cache worker for file hash cache (C:\Users\User\.gradle\caches\5.4.1\fileHashes)" [_thread_blocked, id=11280, stack(0x000000001b1e0000,0x000000001b2e0000)]
  0x0000000019d66000 JavaThread "Daemon periodic checks" [_thread_blocked, id=2268, stack(0x000000001a6e0000,0x000000001a7e0000)]
  0x0000000019d5b800 JavaThread "Incoming local TCP Connector on port 3390" [_thread_in_native, id=16940, stack(0x000000001a530000,0x000000001a630000)]
  0x0000000019b38800 JavaThread "Daemon health stats" [_thread_blocked, id=19972, stack(0x000000001a230000,0x000000001a330000)]
  0x0000000017e24000 JavaThread "Service Thread" daemon [_thread_blocked, id=6752, stack(0x0000000018860000,0x0000000018960000)]
  0x0000000017d9b000 JavaThread "C1 CompilerThread3" daemon [_thread_blocked, id=4420, stack(0x0000000018760000,0x0000000018860000)]
  0x0000000017d96000 JavaThread "C2 CompilerThread2" daemon [_thread_in_native, id=13236, stack(0x0000000018660000,0x0000000018760000)]
=>0x0000000017d94000 JavaThread "C2 CompilerThread1" daemon [_thread_in_native, id=11664, stack(0x0000000018560000,0x0000000018660000)]
  0x0000000017d91000 JavaThread "C2 CompilerThread0" daemon [_thread_in_native, id=9792, stack(0x0000000018460000,0x0000000018560000)]
  0x0000000017d8c000 JavaThread "Attach Listener" daemon [_thread_blocked, id=19784, stack(0x0000000018360000,0x0000000018460000)]
  0x0000000017d39000 JavaThread "Signal Dispatcher" daemon [_thread_blocked, id=15880, stack(0x0000000018260000,0x0000000018360000)]
  0x0000000003318800 JavaThread "Finalizer" daemon [_thread_blocked, id=17548, stack(0x0000000018100000,0x0000000018200000)]
  0x0000000015e3d800 JavaThread "Reference Handler" daemon [_thread_blocked, id=10896, stack(0x0000000017c00000,0x0000000017d00000)]
  0x000000000321d800 JavaThread "main" [_thread_blocked, id=17968, stack(0x0000000003080000,0x0000000003180000)]

Other Threads:
  0x0000000015e39800 VMThread [stack: 0x0000000017b00000,0x0000000017c00000] [id=19128]
  0x0000000017e7e000 WatcherThread [stack: 0x0000000018960000,0x0000000018a60000] [id=3676]

VM state:not at safepoint (normal execution)

VM Mutex/Monitor currently owned by a thread: None

Heap:
 PSYoungGen      total 281088K, used 116888K [0x00000000eab00000, 0x0000000100000000, 0x0000000100000000)
  eden space 248832K, 38% used [0x00000000eab00000,0x00000000f0967438,0x00000000f9e00000)
  from space 32256K, 62% used [0x00000000f9e00000,0x00000000fb1bed20,0x00000000fbd80000)
  to   space 32256K, 0% used [0x00000000fe080000,0x00000000fe080000,0x0000000100000000)
 ParOldGen       total 134144K, used 74243K [0x00000000c0000000, 0x00000000c8300000, 0x00000000eab00000)
  object space 134144K, 55% used [0x00000000c0000000,0x00000000c4880fa0,0x00000000c8300000)
 Metaspace       used 84012K, capacity 87392K, committed 87552K, reserved 1124352K
  class space    used 11024K, capacity 11712K, committed 11776K, reserved 1048576K

Card table byte_map: [0x00000000126e0000,0x00000000128f0000] byte_map_base: 0x00000000120e0000

Marking Bits: (ParMarkBitMap*) 0x000000005920d850
 Begin Bits: [0x0000000013250000, 0x0000000014250000)
 End Bits:   [0x0000000014250000, 0x0000000015250000)

Polling page: 0x0000000002d20000

CodeCache: size=245760Kb used=40941Kb max_used=41226Kb free=204818Kb
 bounds [0x0000000003320000, 0x0000000005bb0000, 0x0000000012320000]
 total_blobs=12847 nmethods=11892 adapters=865
 compilation: enabled

Compilation events (10 events):
Event: 403.799 Thread 0x0000000017d91000 nmethod 14349 0x00000000058834d0 code [0x0000000005883640, 0x0000000005883d58]
Event: 403.841 Thread 0x0000000017d94000 14350       4       com.google.common.base.Ticker$1::read (4 bytes)
Event: 403.843 Thread 0x0000000017d94000 nmethod 14350 0x0000000004e7cc50 code [0x0000000004e7cd80, 0x0000000004e7cdf8]
Event: 403.846 Thread 0x0000000017d96000 14351       4       com.google.common.cache.LocalCache$Segment::expireEntries (113 bytes)
Event: 403.862 Thread 0x0000000017d96000 nmethod 14351 0x0000000005719a10 code [0x0000000005719c00, 0x000000000571a448]
Event: 403.902 Thread 0x0000000017d91000 14352   !   4       com.google.common.cache.LocalCache::processPendingNotifications (47 bytes)
Event: 403.913 Thread 0x0000000017d91000 nmethod 14352 0x000000000516e710 code [0x000000000516e8a0, 0x000000000516ecb8]
Event: 403.921 Thread 0x0000000017d94000 14353       4       org.gradle.internal.snapshot.impl.DirectorySnapshotter$1::visitFile (10 bytes)
Event: 403.921 Thread 0x0000000017d96000 14354       4       org.gradle.internal.snapshot.impl.DirectorySnapshotter$1::visitFile (106 bytes)
Event: 403.931 Thread 0x0000000017d91000 14355       4       org.gradle.internal.snapshot.impl.DirectorySnapshotter$1::addFileSnapshot (89 bytes)

GC Heap History (10 events):
Event: 239.879 GC heap before
{Heap before GC invocations=16 (full 3):
 PSYoungGen      total 176128K, used 160768K [0x00000000eab00000, 0x00000000f8900000, 0x0000000100000000)
  eden space 160768K, 100% used [0x00000000eab00000,0x00000000f4800000,0x00000000f4800000)
  from space 15360K, 0% used [0x00000000f5d00000,0x00000000f5d00000,0x00000000f6c00000)
  to   space 21504K, 0% used [0x00000000f4800000,0x00000000f4800000,0x00000000f5d00000)
 ParOldGen       total 134144K, used 39683K [0x00000000c0000000, 0x00000000c8300000, 0x00000000eab00000)
  object space 134144K, 29% used [0x00000000c0000000,0x00000000c26c0e90,0x00000000c8300000)
 Metaspace       used 62973K, capacity 65176K, committed 65280K, reserved 1105920K
  class space    used 8646K, capacity 9136K, committed 9216K, reserved 1048576K
Event: 239.912 GC heap after
Heap after GC invocations=16 (full 3):
 PSYoungGen      total 182272K, used 17830K [0x00000000eab00000, 0x00000000fa280000, 0x0000000100000000)
  eden space 160768K, 0% used [0x00000000eab00000,0x00000000eab00000,0x00000000f4800000)
  from space 21504K, 82% used [0x00000000f4800000,0x00000000f59698d0,0x00000000f5d00000)
  to   space 23040K, 0% used [0x00000000f8c00000,0x00000000f8c00000,0x00000000fa280000)
 ParOldGen       total 134144K, used 39755K [0x00000000c0000000, 0x00000000c8300000, 0x00000000eab00000)
  object space 134144K, 29% used [0x00000000c0000000,0x00000000c26d2ea0,0x00000000c8300000)
 Metaspace       used 62973K, capacity 65176K, committed 65280K, reserved 1105920K
  class space    used 8646K, capacity 9136K, committed 9216K, reserved 1048576K
}
Event: 243.473 GC heap before
{Heap before GC invocations=17 (full 3):
 PSYoungGen      total 182272K, used 178598K [0x00000000eab00000, 0x00000000fa280000, 0x0000000100000000)
  eden space 160768K, 100% used [0x00000000eab00000,0x00000000f4800000,0x00000000f4800000)
  from space 21504K, 82% used [0x00000000f4800000,0x00000000f59698d0,0x00000000f5d00000)
  to   space 23040K, 0% used [0x00000000f8c00000,0x00000000f8c00000,0x00000000fa280000)
 ParOldGen       total 134144K, used 39755K [0x00000000c0000000, 0x00000000c8300000, 0x00000000eab00000)
  object space 134144K, 29% used [0x00000000c0000000,0x00000000c26d2ea0,0x00000000c8300000)
 Metaspace       used 71823K, capacity 74546K, committed 74752K, reserved 1114112K
  class space    used 9854K, capacity 10396K, committed 10496K, reserved 1048576K
Event: 243.502 GC heap after
Heap after GC invocations=17 (full 3):
 PSYoungGen      total 227328K, used 15556K [0x00000000eab00000, 0x00000000fa180000, 0x0000000100000000)
  eden space 205312K, 0% used [0x00000000eab00000,0x00000000eab00000,0x00000000f7380000)
  from space 22016K, 70% used [0x00000000f8c00000,0x00000000f9b311b8,0x00000000fa180000)
  to   space 23552K, 0% used [0x00000000f7380000,0x00000000f7380000,0x00000000f8a80000)
 ParOldGen       total 134144K, used 53408K [0x00000000c0000000, 0x00000000c8300000, 0x00000000eab00000)
  object space 134144K, 39% used [0x00000000c0000000,0x00000000c34283e0,0x00000000c8300000)
 Metaspace       used 71823K, capacity 74546K, committed 74752K, reserved 1114112K
  class space    used 9854K, capacity 10396K, committed 10496K, reserved 1048576K
}
Event: 265.769 GC heap before
{Heap before GC invocations=18 (full 3):
 PSYoungGen      total 227328K, used 220868K [0x00000000eab00000, 0x00000000fa180000, 0x0000000100000000)
  eden space 205312K, 100% used [0x00000000eab00000,0x00000000f7380000,0x00000000f7380000)
  from space 22016K, 70% used [0x00000000f8c00000,0x00000000f9b311b8,0x00000000fa180000)
  to   space 23552K, 0% used [0x00000000f7380000,0x00000000f7380000,0x00000000f8a80000)
 ParOldGen       total 134144K, used 53408K [0x00000000c0000000, 0x00000000c8300000, 0x00000000eab00000)
  object space 134144K, 39% used [0x00000000c0000000,0x00000000c34283e0,0x00000000c8300000)
 Metaspace       used 73712K, capacity 76480K, committed 76672K, reserved 1116160K
  class space    used 9962K, capacity 10529K, committed 10624K, reserved 1048576K
Event: 265.852 GC heap after
Heap after GC invocations=18 (full 3):
 PSYoungGen      total 228864K, used 19568K [0x00000000eab00000, 0x00000000fd600000, 0x0000000100000000)
  eden space 205312K, 0% used [0x00000000eab00000,0x00000000eab00000,0x00000000f7380000)
  from space 23552K, 83% used [0x00000000f7380000,0x00000000f869c0d0,0x00000000f8a80000)
  to   space 25088K, 0% used [0x00000000fbd80000,0x00000000fbd80000,0x00000000fd600000)
 ParOldGen       total 134144K, used 53416K [0x00000000c0000000, 0x00000000c8300000, 0x00000000eab00000)
  object space 134144K, 39% used [0x00000000c0000000,0x00000000c342a3e0,0x00000000c8300000)
 Metaspace       used 73712K, capacity 76480K, committed 76672K, reserved 1116160K
  class space    used 9962K, capacity 10529K, committed 10624K, reserved 1048576K
}
Event: 267.465 GC heap before
{Heap before GC invocations=19 (full 3):
 PSYoungGen      total 228864K, used 224880K [0x00000000eab00000, 0x00000000fd600000, 0x0000000100000000)
  eden space 205312K, 100% used [0x00000000eab00000,0x00000000f7380000,0x00000000f7380000)
  from space 23552K, 83% used [0x00000000f7380000,0x00000000f869c0d0,0x00000000f8a80000)
  to   space 25088K, 0% used [0x00000000fbd80000,0x00000000fbd80000,0x00000000fd600000)
 ParOldGen       total 134144K, used 53416K [0x00000000c0000000, 0x00000000c8300000, 0x00000000eab00000)
  object space 134144K, 39% used [0x00000000c0000000,0x00000000c342a3e0,0x00000000c8300000)
 Metaspace       used 76687K, capacity 79644K, committed 79744K, reserved 1118208K
  class space    used 10221K, capacity 10824K, committed 10880K, reserved 1048576K
Event: 267.536 GC heap after
Heap after GC invocations=19 (full 3):
 PSYoungGen      total 273920K, used 25079K [0x00000000eab00000, 0x00000000ff780000, 0x0000000100000000)
  eden space 248832K, 0% used [0x00000000eab00000,0x00000000eab00000,0x00000000f9e00000)
  from space 25088K, 99% used [0x00000000fbd80000,0x00000000fd5fdfc8,0x00000000fd600000)
  to   space 32256K, 0% used [0x00000000f9e00000,0x00000000f9e00000,0x00000000fbd80000)
 ParOldGen       total 134144K, used 62612K [0x00000000c0000000, 0x00000000c8300000, 0x00000000eab00000)
  object space 134144K, 46% used [0x00000000c0000000,0x00000000c3d25378,0x00000000c8300000)
 Metaspace       used 76687K, capacity 79644K, committed 79744K, reserved 1118208K
  class space    used 10221K, capacity 10824K, committed 10880K, reserved 1048576K
}
Event: 394.091 GC heap before
{Heap before GC invocations=20 (full 3):
 PSYoungGen      total 273920K, used 273911K [0x00000000eab00000, 0x00000000ff780000, 0x0000000100000000)
  eden space 248832K, 100% used [0x00000000eab00000,0x00000000f9e00000,0x00000000f9e00000)
  from space 25088K, 99% used [0x00000000fbd80000,0x00000000fd5fdfc8,0x00000000fd600000)
  to   space 32256K, 0% used [0x00000000f9e00000,0x00000000f9e00000,0x00000000fbd80000)
 ParOldGen       total 134144K, used 62612K [0x00000000c0000000, 0x00000000c8300000, 0x00000000eab00000)
  object space 134144K, 46% used [0x00000000c0000000,0x00000000c3d25378,0x00000000c8300000)
 Metaspace       used 80975K, capacity 84278K, committed 84352K, reserved 1122304K
  class space    used 10685K, capacity 11369K, committed 11392K, reserved 1048576K
Event: 394.222 GC heap after
Heap after GC invocations=20 (full 3):
 PSYoungGen      total 281088K, used 20219K [0x00000000eab00000, 0x0000000100000000, 0x0000000100000000)
  eden space 248832K, 0% used [0x00000000eab00000,0x00000000eab00000,0x00000000f9e00000)
  from space 32256K, 62% used [0x00000000f9e00000,0x00000000fb1bed20,0x00000000fbd80000)
  to   space 32256K, 0% used [0x00000000fe080000,0x00000000fe080000,0x0000000100000000)
 ParOldGen       total 134144K, used 74243K [0x00000000c0000000, 0x00000000c8300000, 0x00000000eab00000)
  object space 134144K, 55% used [0x00000000c0000000,0x00000000c4880fa0,0x00000000c8300000)
 Metaspace       used 80975K, capacity 84278K, committed 84352K, reserved 1122304K
  class space    used 10685K, capacity 11369K, committed 11392K, reserved 1048576K
}

Deoptimization events (10 events):
Event: 401.203 Thread 0x000000001ce9d800 Uncommon trap: reason=class_check action=maybe_recompile pc=0x0000000005a3f088 method=com.google.gson.stream.JsonWriter.beforeValue()V @ 111
Event: 401.228 Thread 0x000000001ce9d800 Uncommon trap: reason=class_check action=maybe_recompile pc=0x0000000005a2b468 method=com.google.gson.stream.JsonWriter.beforeName()V @ 16
Event: 401.228 Thread 0x000000001ce9d800 Uncommon trap: reason=class_check action=maybe_recompile pc=0x0000000005a3f088 method=com.google.gson.stream.JsonWriter.beforeValue()V @ 111
Event: 401.228 Thread 0x000000001ce9d800 Uncommon trap: reason=class_check action=maybe_recompile pc=0x0000000005a3f088 method=com.google.gson.stream.JsonWriter.beforeValue()V @ 111
Event: 401.228 Thread 0x000000001ce9d800 Uncommon trap: reason=class_check action=maybe_recompile pc=0x0000000005a2b468 method=com.google.gson.stream.JsonWriter.beforeName()V @ 16
Event: 401.260 Thread 0x000000001ce9d800 Uncommon trap: reason=class_check action=maybe_recompile pc=0x0000000005a2b468 method=com.google.gson.stream.JsonWriter.beforeName()V @ 16
Event: 401.260 Thread 0x000000001ce9d800 Uncommon trap: reason=class_check action=maybe_recompile pc=0x0000000005a2b468 method=com.google.gson.stream.JsonWriter.beforeName()V @ 16
Event: 401.264 Thread 0x000000001ce9d800 Uncommon trap: reason=bimorphic action=maybe_recompile pc=0x0000000005a46e50 method=java.io.Writer.append(Ljava/lang/CharSequence;)Ljava/io/Writer; @ 20
Event: 401.383 Thread 0x000000001ce9d800 Uncommon trap: reason=bimorphic action=maybe_recompile pc=0x0000000005a46e50 method=java.io.Writer.append(Ljava/lang/CharSequence;)Ljava/io/Writer; @ 20
Event: 401.402 Thread 0x000000001ce9d800 Uncommon trap: reason=bimorphic action=maybe_recompile pc=0x0000000005a46e50 method=java.io.Writer.append(Ljava/lang/CharSequence;)Ljava/io/Writer; @ 20

Internal exceptions (10 events):
Event: 394.463 Thread 0x000000001f66e800 Implicit null exception at 0x0000000005960a17 to 0x0000000005960d5d
Event: 394.973 Thread 0x000000001b9a4800 Exception <a 'java/io/FileNotFoundException'> (0x00000000eb778ed8) thrown at [C:\re\workspace\8-2-build-windows-amd64-cygwin\jdk8u144\9417\hotspot\src\share\vm\prims\jni.cpp, line 709]
Event: 395.238 Thread 0x000000001f670800 Exception <a 'java/io/FileNotFoundException'> (0x00000000ebd8c878) thrown at [C:\re\workspace\8-2-build-windows-amd64-cygwin\jdk8u144\9417\hotspot\src\share\vm\prims\jni.cpp, line 709]
Event: 397.122 Thread 0x000000001f66e800 Implicit null exception at 0x0000000005a00efa to 0x00000000059fe91d
Event: 397.123 Thread 0x000000001f66e800 Implicit null exception at 0x0000000005a00efa to 0x00000000059fe91d
Event: 397.155 Thread 0x000000001f66e800 Implicit null exception at 0x0000000005a00efa to 0x00000000059fe91d
Event: 397.176 Thread 0x000000001f66e800 Exception <a 'java/lang/NoSuchMethodError': <clinit>> (0x00000000ed1ddd38) thrown at [C:\re\workspace\8-2-build-windows-amd64-cygwin\jdk8u144\9417\hotspot\src\share\vm\prims\jni.cpp, line 1613]
Event: 397.178 Thread 0x000000001f66e800 Exception <a 'java/lang/NoSuchMethodError': <clinit>> (0x00000000ed1f7a18) thrown at [C:\re\workspace\8-2-build-windows-amd64-cygwin\jdk8u144\9417\hotspot\src\share\vm\prims\jni.cpp, line 1613]
Event: 397.178 Thread 0x000000001f66e800 Exception <a 'java/lang/NoSuchMethodError': <clinit>> (0x00000000ed1fc900) thrown at [C:\re\workspace\8-2-build-windows-amd64-cygwin\jdk8u144\9417\hotspot\src\share\vm\prims\jni.cpp, line 1613]
Event: 397.180 Thread 0x000000001f66e800 Exception <a 'java/lang/NoSuchMethodError': <clinit>> (0x00000000ed20d010) thrown at [C:\re\workspace\8-2-build-windows-amd64-cygwin\jdk8u144\9417\hotspot\src\share\vm\prims\jni.cpp, line 1613]

Events (10 events):
Event: 401.264 Thread 0x000000001ce9d800 DEOPT PACKING pc=0x0000000005a46e50 sp=0x0000000028199100
Event: 401.265 Thread 0x000000001ce9d800 DEOPT UNPACKING pc=0x000000000336582a sp=0x0000000028199100 mode 2
Event: 401.383 Thread 0x000000001ce9d800 Uncommon trap: trap_request=0xffffffc6 fr.pc=0x0000000005a46e50
Event: 401.383 Thread 0x000000001ce9d800 DEOPT PACKING pc=0x0000000005a46e50 sp=0x0000000028199100
Event: 401.383 Thread 0x000000001ce9d800 DEOPT UNPACKING pc=0x000000000336582a sp=0x0000000028199100 mode 2
Event: 401.402 Thread 0x000000001ce9d800 Uncommon trap: trap_request=0xffffffc6 fr.pc=0x0000000005a46e50
Event: 401.402 Thread 0x000000001ce9d800 DEOPT PACKING pc=0x0000000005a46e50 sp=0x0000000028199100
Event: 401.402 Thread 0x000000001ce9d800 DEOPT UNPACKING pc=0x000000000336582a sp=0x0000000028199100 mode 2
Event: 401.402 Thread 0x000000001ce9d800 DEOPT PACKING pc=0x0000000005b6ba64 sp=0x00000000281988c0
Event: 401.402 Thread 0x000000001ce9d800 DEOPT UNPACKING pc=0x000000000336787f sp=0x0000000028198778 mode 0


Dynamic libraries:
0x00007ff6c5b60000 - 0x00007ff6c5b97000 	D:\Java\jdk1.8.0_144\bin\java.exe
0x00007ffdc9d40000 - 0x00007ffdc9f21000 	C:\WINDOWS\SYSTEM32\ntdll.dll
0x00007ffd99fc0000 - 0x00007ffd99fd2000 	C:\Program Files\AVAST Software\Avast\aswhook.dll
0x00007ffdc71c0000 - 0x00007ffdc7271000 	C:\WINDOWS\System32\KERNEL32.DLL
0x00007ffdc6100000 - 0x00007ffdc6373000 	C:\WINDOWS\System32\KERNELBASE.dll
0x00007ffdc9b40000 - 0x00007ffdc9be1000 	C:\WINDOWS\System32\ADVAPI32.dll
0x00007ffdc99b0000 - 0x00007ffdc9a4e000 	C:\WINDOWS\System32\msvcrt.dll
0x00007ffdc9a50000 - 0x00007ffdc9aab000 	C:\WINDOWS\System32\sechost.dll
0x00007ffdc72e0000 - 0x00007ffdc7404000 	C:\WINDOWS\System32\RPCRT4.dll
0x00007ffdc9000000 - 0x00007ffdc9190000 	C:\WINDOWS\System32\USER32.dll
0x00007ffdc6790000 - 0x00007ffdc67b0000 	C:\WINDOWS\System32\win32u.dll
0x00007ffdc9b10000 - 0x00007ffdc9b38000 	C:\WINDOWS\System32\GDI32.dll
0x00007ffdc6fd0000 - 0x00007ffdc7161000 	C:\WINDOWS\System32\gdi32full.dll
0x00007ffdc65f0000 - 0x00007ffdc668f000 	C:\WINDOWS\System32\msvcp_win.dll
0x00007ffdc6690000 - 0x00007ffdc6788000 	C:\WINDOWS\System32\ucrtbase.dll
0x00007ffdb58d0000 - 0x00007ffdb5b39000 	C:\WINDOWS\WinSxS\amd64_microsoft.windows.common-controls_6595b64144ccf1df_6.0.17134.1006_none_d3fbb8f77c940c3f\COMCTL32.dll
0x00007ffdc9190000 - 0x00007ffdc94b1000 	C:\WINDOWS\System32\combase.dll
0x00007ffdc6380000 - 0x00007ffdc63f9000 	C:\WINDOWS\System32\bcryptPrimitives.dll
0x00007ffdc7410000 - 0x00007ffdc743d000 	C:\WINDOWS\System32\IMM32.DLL
0x0000000059290000 - 0x0000000059362000 	D:\Java\jdk1.8.0_144\jre\bin\msvcr100.dll
0x00000000589f0000 - 0x000000005928d000 	D:\Java\jdk1.8.0_144\jre\bin\server\jvm.dll
0x00007ffdc7440000 - 0x00007ffdc7448000 	C:\WINDOWS\System32\PSAPI.DLL
0x00007ffdbc9a0000 - 0x00007ffdbc9a9000 	C:\WINDOWS\SYSTEM32\WSOCK32.dll
0x00007ffdc7a00000 - 0x00007ffdc7a6c000 	C:\WINDOWS\System32\WS2_32.dll
0x00007ffdb96f0000 - 0x00007ffdb9713000 	C:\WINDOWS\SYSTEM32\WINMM.dll
0x00007ffdc5260000 - 0x00007ffdc526a000 	C:\WINDOWS\SYSTEM32\VERSION.dll
0x00007ffdb96c0000 - 0x00007ffdb96ea000 	C:\WINDOWS\SYSTEM32\WINMMBASE.dll
0x00007ffdc7170000 - 0x00007ffdc71b9000 	C:\WINDOWS\System32\cfgmgr32.dll
0x00000000589e0000 - 0x00000000589ef000 	D:\Java\jdk1.8.0_144\jre\bin\verify.dll
0x00000000589b0000 - 0x00000000589d9000 	D:\Java\jdk1.8.0_144\jre\bin\java.dll
0x0000000058990000 - 0x00000000589a6000 	D:\Java\jdk1.8.0_144\jre\bin\zip.dll
0x00007ffdc7b50000 - 0x00007ffdc8f92000 	C:\WINDOWS\System32\SHELL32.dll
0x00007ffdc7a90000 - 0x00007ffdc7b39000 	C:\WINDOWS\System32\shcore.dll
0x00007ffdc68c0000 - 0x00007ffdc6fce000 	C:\WINDOWS\System32\windows.storage.dll
0x00007ffdc9ab0000 - 0x00007ffdc9b01000 	C:\WINDOWS\System32\shlwapi.dll
0x00007ffdc60a0000 - 0x00007ffdc60b1000 	C:\WINDOWS\System32\kernel.appcore.dll
0x00007ffdc60c0000 - 0x00007ffdc60df000 	C:\WINDOWS\System32\profapi.dll
0x00007ffdc6050000 - 0x00007ffdc609c000 	C:\WINDOWS\System32\powrprof.dll
0x00007ffdc6040000 - 0x00007ffdc604a000 	C:\WINDOWS\System32\FLTLIB.DLL
0x0000000058970000 - 0x000000005898a000 	D:\Java\jdk1.8.0_144\jre\bin\net.dll
0x00007ffdc58c0000 - 0x00007ffdc5926000 	C:\WINDOWS\system32\mswsock.dll
0x0000000058950000 - 0x0000000058961000 	D:\Java\jdk1.8.0_144\jre\bin\nio.dll
0x00007ffd95a30000 - 0x00007ffd95a56000 	C:\Users\User\.gradle\native\29\windows-amd64\native-platform.dll
0x0000000058940000 - 0x000000005894d000 	D:\Java\jdk1.8.0_144\jre\bin\management.dll
0x00007ffdc5a70000 - 0x00007ffdc5a87000 	C:\WINDOWS\SYSTEM32\CRYPTSP.dll
0x00007ffdc5470000 - 0x00007ffdc54a3000 	C:\WINDOWS\system32\rsaenh.dll
0x00007ffdc5ba0000 - 0x00007ffdc5bc5000 	C:\WINDOWS\SYSTEM32\bcrypt.dll
0x00007ffdc5f40000 - 0x00007ffdc5f68000 	C:\WINDOWS\SYSTEM32\USERENV.dll
0x00007ffdc5a90000 - 0x00007ffdc5a9b000 	C:\WINDOWS\SYSTEM32\CRYPTBASE.dll
0x00007ffdc5610000 - 0x00007ffdc5648000 	C:\WINDOWS\SYSTEM32\IPHLPAPI.DLL
0x00007ffdc9640000 - 0x00007ffdc9648000 	C:\WINDOWS\System32\NSI.dll
0x00007ffdc0280000 - 0x00007ffdc0296000 	C:\WINDOWS\SYSTEM32\dhcpcsvc6.DLL
0x00007ffdc0260000 - 0x00007ffdc027a000 	C:\WINDOWS\SYSTEM32\dhcpcsvc.DLL
0x0000000058910000 - 0x0000000058934000 	D:\Java\jdk1.8.0_144\jre\bin\sunec.dll
0x00007ffdc5660000 - 0x00007ffdc571e000 	C:\WINDOWS\SYSTEM32\DNSAPI.dll
0x00007ffdbefc0000 - 0x00007ffdbefca000 	C:\Windows\System32\rasadhlp.dll
0x00007ffdbf650000 - 0x00007ffdbf6c2000 	C:\WINDOWS\System32\fwpuclnt.dll
0x0000000058900000 - 0x000000005890b000 	D:\Java\jdk1.8.0_144\jre\bin\sunmscapi.dll
0x00007ffdc6400000 - 0x00007ffdc65e2000 	C:\WINDOWS\System32\CRYPT32.dll
0x00007ffdc60e0000 - 0x00007ffdc60f2000 	C:\WINDOWS\System32\MSASN1.dll
0x0000000055f30000 - 0x00000000560c8000 	D:\Java\jdk1.8.0_144\jre\bin\awt.dll
0x00007ffdc9650000 - 0x00007ffdc9712000 	C:\WINDOWS\System32\OLEAUT32.dll
0x00007ffdc4210000 - 0x00007ffdc429b000 	C:\WINDOWS\SYSTEM32\apphelp.dll
0x00007ffdc45c0000 - 0x00007ffdc45e9000 	C:\WINDOWS\system32\DWMAPI.DLL
0x00007ffdc4490000 - 0x00007ffdc4528000 	C:\WINDOWS\system32\uxtheme.dll
0x0000000055f00000 - 0x0000000055f2a000 	D:\Java\jdk1.8.0_144\jre\bin\dcpr.dll

VM Arguments:
jvm_args: -Xmx1024m -Dfile.encoding=x-windows-950 -Duser.country=TW -Duser.language=zh -Duser.variant 
java_command: org.gradle.launcher.daemon.bootstrap.GradleDaemon 5.4.1
java_class_path (initial): C:\Users\User\.gradle\wrapper\dists\gradle-5.4.1-all\3221gyojl5jsh0helicew7rwx\gradle-5.4.1\lib\gradle-launcher-5.4.1.jar
Launcher Type: SUN_STANDARD

Environment Variables:
PATH=C:\Program Files\NVIDIA GPU Computing Toolkit\CUDA\v9.0\bin;C:\Program Files\NVIDIA GPU Computing Toolkit\CUDA\v9.0\libnvvp;C:\Program Files (x86)\Intel\Intel(R) Management Engine Components\iCLS\;C:\Program Files\Intel\Intel(R) Management Engine Components\iCLS\;C:\Windows\system32;C:\Windows;C:\Windows\System32\Wbem;C:\Windows\System32\WindowsPowerShell\v1.0\;C:\Program Files (x86)\NVIDIA Corporation\PhysX\Common;C:\Program Files\Intel\WiFi\bin\;C:\Program Files\Common Files\Intel\WirelessCommon\;C:\Program Files (x86)\Intel\Intel(R) Management Engine Components\DAL;C:\Program Files\Intel\Intel(R) Management Engine Components\DAL;C:\Program Files (x86)\Intel\Intel(R) Management Engine Components\IPT;C:\Program Files\Intel\Intel(R) Management Engine Components\IPT;C:\WINDOWS\system32;C:\WINDOWS;C:\WINDOWS\System32\Wbem;C:\WINDOWS\System32\WindowsPowerShell\v1.0\;C:\WINDOWS\System32\OpenSSH\;C:\Program Files (x86)\STMicroelectronics\STM32 ST-LINK Utility\ST-LINK Utility;D:\∞œ∂Ù¡Â;C:;Program Files\NVIDIA Corporation\Nsight Compute 2019.4.0\;C:\Program Files\NVIDIA Corporation\NVIDIA NvDLISR;C:\Program Files\Git\cmd;D:\MATLAB\R2019b\bin;C:\Users\User\AppData\Local\Programs\Python\Python36\Scripts\;C:\Users\User\AppData\Local\Programs\Python\Python36\;C:\Users\User\AppData\Local\Microsoft\WindowsApps;C:\Users\User\AppData\Roaming\Microsoft\Windows\Start Menu\Programs\Python 3.6;C:\Program Files\NVIDIA GPU Computing Toolkit\CUDA\v9.0\bin;C:\Program Files\NVIDIA GPU Computing Toolkit\CUDA\v9.0\libnvvp;
USERNAME=User
OS=Windows_NT
PROCESSOR_IDENTIFIER=Intel64 Family 6 Model 158 Stepping 10, GenuineIntel



---------------  S Y S T E M  ---------------

OS: Windows 10.0 , 64 bit Build 17134 (10.0.17134.753)

CPU:total 8 (initial active 8) (4 cores per cpu, 2 threads per core) family 6 model 158 stepping 10, cmov, cx8, fxsr, mmx, sse, sse2, sse3, ssse3, sse4.1, sse4.2, popcnt, avx, avx2, aes, clmul, erms, 3dnowpref, lzcnt, ht, tsc, tscinvbit, bmi1, bmi2, adx

Memory: 4k page, physical 8232368k(424252k free), swap 23691564k(14248k free)

vm_info: Java HotSpot(TM) 64-Bit Server VM (25.144-b01) for windows-amd64 JRE (1.8.0_144-b01), built on Jul 21 2017 21:57:33 by "java_re" with MS VC++ 10.0 (VS2010)

time: Mon Sep 30 21:50:33 2019
elapsed time: 404 seconds (0d 0h 6m 44s)

